0 info it worked if it ends with ok
1 verbose cli [ '/Users/mdcone/.nvm/versions/node/v5.0.0/bin/node',
1 verbose cli   '/Users/mdcone/.nvm/versions/node/v5.0.0/bin/npm',
1 verbose cli   'run',
1 verbose cli   'protractor' ]
2 info using npm@3.3.6
3 info using node@v5.0.0
4 verbose run-script [ 'preprotractor', 'protractor', 'postprotractor' ]
5 info lifecycle heroboard@0.0.1~preprotractor: heroboard@0.0.1
6 verbose lifecycle heroboard@0.0.1~preprotractor: unsafe-perm in lifecycle true
7 verbose lifecycle heroboard@0.0.1~preprotractor: PATH: /Users/mdcone/.nvm/versions/node/v5.0.0/lib/node_modules/npm/bin/node-gyp-bin:/Users/mdcone/projects/HeroBoard/node_modules/.bin:/usr/local/heroku/bin:/Users/mdcone/.nvm/versions/node/v5.0.0/bin:/Users/mdcone/.rvm/gems/ruby-2.1.1/bin:/Users/mdcone/.rvm/gems/ruby-2.1.1@global/bin:/Users/mdcone/.rvm/rubies/ruby-2.1.1/bin:/usr/local/bin:/usr/local/sbin:/usr/bin:/bin:/usr/sbin:/sbin:/usr/local/go/bin:/Users/mdcone/.rvm/gems/ruby-2.1.1/bin:/Users/mdcone/.rvm/gems/ruby-2.1.1@global/bin:/Users/mdcone/.rvm/rubies/ruby-2.1.1/bin:/usr/local/heroku/bin:/Users/mdcone/.rvm/bin:/Users/mdcone/.rvm/bin
8 verbose lifecycle heroboard@0.0.1~preprotractor: CWD: /Users/mdcone/projects/HeroBoard
9 silly lifecycle heroboard@0.0.1~preprotractor: Args: [ '-c', 'npm run update-webdriver' ]
10 silly lifecycle heroboard@0.0.1~preprotractor: Returned: code: 0  signal: null
11 info lifecycle heroboard@0.0.1~protractor: heroboard@0.0.1
12 verbose lifecycle heroboard@0.0.1~protractor: unsafe-perm in lifecycle true
13 verbose lifecycle heroboard@0.0.1~protractor: PATH: /Users/mdcone/.nvm/versions/node/v5.0.0/lib/node_modules/npm/bin/node-gyp-bin:/Users/mdcone/projects/HeroBoard/node_modules/.bin:/usr/local/heroku/bin:/Users/mdcone/.nvm/versions/node/v5.0.0/bin:/Users/mdcone/.rvm/gems/ruby-2.1.1/bin:/Users/mdcone/.rvm/gems/ruby-2.1.1@global/bin:/Users/mdcone/.rvm/rubies/ruby-2.1.1/bin:/usr/local/bin:/usr/local/sbin:/usr/bin:/bin:/usr/sbin:/sbin:/usr/local/go/bin:/Users/mdcone/.rvm/gems/ruby-2.1.1/bin:/Users/mdcone/.rvm/gems/ruby-2.1.1@global/bin:/Users/mdcone/.rvm/rubies/ruby-2.1.1/bin:/usr/local/heroku/bin:/Users/mdcone/.rvm/bin:/Users/mdcone/.rvm/bin
14 verbose lifecycle heroboard@0.0.1~protractor: CWD: /Users/mdcone/projects/HeroBoard
15 silly lifecycle heroboard@0.0.1~protractor: Args: [ '-c', 'protractor ./protractor-conf.js' ]
16 silly lifecycle heroboard@0.0.1~protractor: Returned: code: 1  signal: null
17 info lifecycle heroboard@0.0.1~protractor: Failed to exec protractor script
18 verbose stack Error: heroboard@0.0.1 protractor: `protractor ./protractor-conf.js`
18 verbose stack Exit status 1
18 verbose stack     at EventEmitter.<anonymous> (/Users/mdcone/.nvm/versions/node/v5.0.0/lib/node_modules/npm/lib/utils/lifecycle.js:233:16)
18 verbose stack     at emitTwo (events.js:87:13)
18 verbose stack     at EventEmitter.emit (events.js:172:7)
18 verbose stack     at ChildProcess.<anonymous> (/Users/mdcone/.nvm/versions/node/v5.0.0/lib/node_modules/npm/lib/utils/spawn.js:24:14)
18 verbose stack     at emitTwo (events.js:87:13)
18 verbose stack     at ChildProcess.emit (events.js:172:7)
18 verbose stack     at maybeClose (internal/child_process.js:818:16)
18 verbose stack     at Process.ChildProcess._handle.onexit (internal/child_process.js:211:5)
19 verbose pkgid heroboard@0.0.1
20 verbose cwd /Users/mdcone/projects/HeroBoard
21 error Darwin 15.4.0
22 error argv "/Users/mdcone/.nvm/versions/node/v5.0.0/bin/node" "/Users/mdcone/.nvm/versions/node/v5.0.0/bin/npm" "run" "protractor"
23 error node v5.0.0
24 error npm  v3.3.6
25 error code ELIFECYCLE
26 error heroboard@0.0.1 protractor: `protractor ./protractor-conf.js`
26 error Exit status 1
27 error Failed at the heroboard@0.0.1 protractor script 'protractor ./protractor-conf.js'.
27 error This is most likely a problem with the heroboard package,
27 error not with npm itself.
27 error Tell the author that this fails on your system:
27 error     protractor ./protractor-conf.js
27 error You can get their info via:
27 error     npm owner ls heroboard
27 error There is likely additional logging output above.
28 verbose exit [ 1, true ]
